2019-02-20 12:41:18 [scrapy.utils.log] INFO: Scrapy 1.5.1 started (bot: Xcdl)
2019-02-20 12:41:18 [scrapy.utils.log] INFO: Versions: lxml 4.3.0.0, libxml2 2.9.8, cssselect 1.0.3, parsel 1.5.1, w3lib 1.20.0, Twisted 18.9.0, Python 3.6.8 |Anaconda, Inc.| (default, Feb 11 2019, 15:03:47) [MSC v.1915 64 bit (AMD64)], pyOpenSSL 19.0.0 (OpenSSL 1.1.1a  20 Nov 2018), cryptography 2.5, Platform Windows-10-10.0.17134-SP0
2019-02-20 12:41:18 [scrapy.crawler] INFO: Overridden settings: {'BOT_NAME': 'Xcdl', 'LOG_FILE': 'C:\\Users\\zhangr1\\PycharmProjects\\Xcdl\\Xcdl\\log\\xici.log', 'NEWSPIDER_MODULE': 'Xcdl.spiders', 'SPIDER_MODULES': ['Xcdl.spiders']}
2019-02-20 12:41:18 [scrapy.middleware] INFO: Enabled extensions:
['scrapy.extensions.corestats.CoreStats',
 'scrapy.extensions.telnet.TelnetConsole',
 'scrapy.extensions.logstats.LogStats']
2019-02-20 12:41:18 [scrapy.middleware] INFO: Enabled downloader middlewares:
['scrapy.downloadermiddlewares.httpauth.HttpAuthMiddleware',
 'scrapy.downloadermiddlewares.downloadtimeout.DownloadTimeoutMiddleware',
 'scrapy.downloadermiddlewares.defaultheaders.DefaultHeadersMiddleware',
 'scrapy.downloadermiddlewares.useragent.UserAgentMiddleware',
 'scrapy.downloadermiddlewares.retry.RetryMiddleware',
 'scrapy.downloadermiddlewares.redirect.MetaRefreshMiddleware',
 'scrapy.downloadermiddlewares.httpcompression.HttpCompressionMiddleware',
 'scrapy.downloadermiddlewares.redirect.RedirectMiddleware',
 'scrapy.downloadermiddlewares.cookies.CookiesMiddleware',
 'scrapy.downloadermiddlewares.httpproxy.HttpProxyMiddleware',
 'scrapy.downloadermiddlewares.stats.DownloaderStats']
2019-02-20 12:41:18 [scrapy.middleware] INFO: Enabled spider middlewares:
['scrapy.spidermiddlewares.httperror.HttpErrorMiddleware',
 'scrapy.spidermiddlewares.offsite.OffsiteMiddleware',
 'scrapy.spidermiddlewares.referer.RefererMiddleware',
 'scrapy.spidermiddlewares.urllength.UrlLengthMiddleware',
 'scrapy.spidermiddlewares.depth.DepthMiddleware']
2019-02-20 12:41:18 [scrapy.middleware] INFO: Enabled item pipelines:
['Xcdl.pipelines.MinhuaPipelines', 'Xcdl.pipelines.XcdlspPipeline']
2019-02-20 12:41:18 [scrapy.core.engine] INFO: Spider opened
2019-02-20 12:41:18 [scrapy.extensions.logstats] INFO: Crawled 0 pages (at 0 pages/min), scraped 0 items (at 0 items/min)
2019-02-20 12:41:18 [scrapy.extensions.telnet] DEBUG: Telnet console listening on 127.0.0.1:6024
2019-02-20 12:41:18 [scrapy.core.engine] DEBUG: Crawled (200) <GET https://su.lianjia.com/zufang/pg2> (referer: None)
2019-02-20 12:41:18 [scrapy.core.engine] DEBUG: Crawled (200) <GET https://su.lianjia.com/zufang/pg1> (referer: None)
2019-02-20 12:41:18 [scrapy.core.engine] INFO: Closing spider (finished)
2019-02-20 12:41:18 [scrapy.statscollectors] INFO: Dumping Scrapy stats:
{'downloader/request_bytes': 668,
 'downloader/request_count': 2,
 'downloader/request_method_count/GET': 2,
 'downloader/response_bytes': 35807,
 'downloader/response_count': 2,
 'downloader/response_status_count/200': 2,
 'finish_reason': 'finished',
 'finish_time': datetime.datetime(2019, 2, 20, 4, 41, 18, 710327),
 'log_count/DEBUG': 3,
 'log_count/INFO': 7,
 'response_received_count': 2,
 'scheduler/dequeued': 2,
 'scheduler/dequeued/memory': 2,
 'scheduler/enqueued': 2,
 'scheduler/enqueued/memory': 2,
 'start_time': datetime.datetime(2019, 2, 20, 4, 41, 18, 251257)}
2019-02-20 12:41:18 [scrapy.core.engine] INFO: Spider closed (finished)
2019-02-20 12:41:44 [scrapy.utils.log] INFO: Scrapy 1.5.1 started (bot: Xcdl)
2019-02-20 12:41:44 [scrapy.utils.log] INFO: Versions: lxml 4.3.0.0, libxml2 2.9.8, cssselect 1.0.3, parsel 1.5.1, w3lib 1.20.0, Twisted 18.9.0, Python 3.6.8 |Anaconda, Inc.| (default, Feb 11 2019, 15:03:47) [MSC v.1915 64 bit (AMD64)], pyOpenSSL 19.0.0 (OpenSSL 1.1.1a  20 Nov 2018), cryptography 2.5, Platform Windows-10-10.0.17134-SP0
2019-02-20 12:41:44 [scrapy.crawler] INFO: Overridden settings: {'BOT_NAME': 'Xcdl', 'LOG_FILE': 'C:\\Users\\zhangr1\\PycharmProjects\\Xcdl\\Xcdl\\log\\xici.log', 'NEWSPIDER_MODULE': 'Xcdl.spiders', 'SPIDER_MODULES': ['Xcdl.spiders']}
2019-02-20 12:41:45 [scrapy.middleware] INFO: Enabled extensions:
['scrapy.extensions.corestats.CoreStats',
 'scrapy.extensions.telnet.TelnetConsole',
 'scrapy.extensions.logstats.LogStats']
2019-02-20 12:41:45 [scrapy.middleware] INFO: Enabled downloader middlewares:
['scrapy.downloadermiddlewares.httpauth.HttpAuthMiddleware',
 'scrapy.downloadermiddlewares.downloadtimeout.DownloadTimeoutMiddleware',
 'scrapy.downloadermiddlewares.defaultheaders.DefaultHeadersMiddleware',
 'scrapy.downloadermiddlewares.useragent.UserAgentMiddleware',
 'scrapy.downloadermiddlewares.retry.RetryMiddleware',
 'scrapy.downloadermiddlewares.redirect.MetaRefreshMiddleware',
 'scrapy.downloadermiddlewares.httpcompression.HttpCompressionMiddleware',
 'scrapy.downloadermiddlewares.redirect.RedirectMiddleware',
 'scrapy.downloadermiddlewares.cookies.CookiesMiddleware',
 'scrapy.downloadermiddlewares.httpproxy.HttpProxyMiddleware',
 'scrapy.downloadermiddlewares.stats.DownloaderStats']
2019-02-20 12:41:45 [scrapy.middleware] INFO: Enabled spider middlewares:
['scrapy.spidermiddlewares.httperror.HttpErrorMiddleware',
 'scrapy.spidermiddlewares.offsite.OffsiteMiddleware',
 'scrapy.spidermiddlewares.referer.RefererMiddleware',
 'scrapy.spidermiddlewares.urllength.UrlLengthMiddleware',
 'scrapy.spidermiddlewares.depth.DepthMiddleware']
2019-02-20 12:41:45 [scrapy.middleware] INFO: Enabled item pipelines:
['Xcdl.pipelines.MinhuaPipelines', 'Xcdl.pipelines.XcdlspPipeline']
2019-02-20 12:41:45 [scrapy.core.engine] INFO: Spider opened
2019-02-20 12:41:45 [scrapy.extensions.logstats] INFO: Crawled 0 pages (at 0 pages/min), scraped 0 items (at 0 items/min)
2019-02-20 12:41:45 [scrapy.extensions.telnet] DEBUG: Telnet console listening on 127.0.0.1:6024
2019-02-20 12:41:45 [scrapy.core.engine] DEBUG: Crawled (200) <GET https://su.lianjia.com/zufang/pg1> (referer: None)
2019-02-20 12:41:45 [scrapy.core.engine] DEBUG: Crawled (200) <GET https://su.lianjia.com/zufang/pg2> (referer: None)
2019-02-20 12:41:46 [scrapy.core.engine] DEBUG: Crawled (200) <GET https://su.lianjia.com/zufang/SU2194663912199700480.html> (referer: https://su.lianjia.com/zufang/pg1)
2019-02-20 12:41:46 [scrapy.core.engine] DEBUG: Crawled (200) <GET https://su.lianjia.com/zufang/SU2194845528431263744.html> (referer: https://su.lianjia.com/zufang/pg1)
2019-02-20 12:41:46 [scrapy.core.engine] DEBUG: Crawled (200) <GET https://su.lianjia.com/apartment/13237.html> (referer: https://su.lianjia.com/zufang/pg1)
2019-02-20 12:41:46 [scrapy.core.engine] DEBUG: Crawled (200) <GET https://su.lianjia.com/apartment/15303.html> (referer: https://su.lianjia.com/zufang/pg1)
2019-02-20 12:41:46 [scrapy.core.engine] DEBUG: Crawled (200) <GET https://su.lianjia.com/zufang/SU2194840911274852352.html> (referer: https://su.lianjia.com/zufang/pg1)
2019-02-20 12:41:46 [scrapy.core.engine] DEBUG: Crawled (200) <GET https://su.lianjia.com/apartment/6997.html> (referer: https://su.lianjia.com/zufang/pg1)
2019-02-20 12:41:46 [scrapy.core.engine] DEBUG: Crawled (200) <GET https://su.lianjia.com/zufang/SU2194842876197224448.html> (referer: https://su.lianjia.com/zufang/pg1)
2019-02-20 12:41:46 [scrapy.core.engine] DEBUG: Crawled (200) <GET https://su.lianjia.com/zufang/SU2196043913302130688.html> (referer: https://su.lianjia.com/zufang/pg1)
2019-02-20 12:41:46 [scrapy.core.engine] DEBUG: Crawled (200) <GET https://su.lianjia.com/zufang/SU2193192335213871104.html> (referer: https://su.lianjia.com/zufang/pg1)
2019-02-20 12:41:46 [scrapy.core.engine] DEBUG: Crawled (200) <GET https://su.lianjia.com/apartment/14657.html> (referer: https://su.lianjia.com/zufang/pg1)
2019-02-20 12:41:46 [scrapy.core.engine] DEBUG: Crawled (200) <GET https://su.lianjia.com/zufang/SU2193917709454934016.html> (referer: https://su.lianjia.com/zufang/pg1)
2019-02-20 12:41:46 [scrapy.core.engine] DEBUG: Crawled (200) <GET https://su.lianjia.com/zufang/SU2195554956315475968.html> (referer: https://su.lianjia.com/zufang/pg1)
2019-02-20 12:41:46 [scrapy.core.engine] DEBUG: Crawled (200) <GET https://su.lianjia.com/apartment/5448.html> (referer: https://su.lianjia.com/zufang/pg1)
2019-02-20 12:41:46 [scrapy.core.engine] DEBUG: Crawled (200) <GET https://su.lianjia.com/zufang/SU2194926537025781760.html> (referer: https://su.lianjia.com/zufang/pg1)
2019-02-20 12:41:46 [scrapy.core.engine] DEBUG: Crawled (200) <GET https://su.lianjia.com/apartment/11288.html> (referer: https://su.lianjia.com/zufang/pg1)
2019-02-20 12:41:46 [scrapy.core.engine] DEBUG: Crawled (200) <GET https://su.lianjia.com/zufang/SU2190300769410875392.html> (referer: https://su.lianjia.com/zufang/pg1)
2019-02-20 12:41:46 [scrapy.core.engine] DEBUG: Crawled (200) <GET https://su.lianjia.com/apartment/6050.html> (referer: https://su.lianjia.com/zufang/pg2)
2019-02-20 12:41:46 [scrapy.core.engine] DEBUG: Crawled (200) <GET https://su.lianjia.com/zufang/SU2195394192258105344.html> (referer: https://su.lianjia.com/zufang/pg2)
2019-02-20 12:41:46 [scrapy.core.engine] DEBUG: Crawled (200) <GET https://su.lianjia.com/apartment/5448.html> (referer: https://su.lianjia.com/zufang/pg2)
2019-02-20 12:41:46 [scrapy.core.engine] DEBUG: Crawled (200) <GET https://su.lianjia.com/zufang/SU2195374245289402368.html> (referer: https://su.lianjia.com/zufang/pg2)
2019-02-20 12:41:47 [scrapy.core.engine] DEBUG: Crawled (200) <GET https://su.lianjia.com/zufang/SU2181103394272313344.html> (referer: https://su.lianjia.com/zufang/pg2)
2019-02-20 12:41:47 [scrapy.core.engine] DEBUG: Crawled (200) <GET https://su.lianjia.com/apartment/6751.html> (referer: https://su.lianjia.com/zufang/pg2)
2019-02-20 12:41:47 [scrapy.core.engine] DEBUG: Crawled (200) <GET https://su.lianjia.com/zufang/SU2193549306521190400.html> (referer: https://su.lianjia.com/zufang/pg2)
2019-02-20 12:41:47 [scrapy.core.engine] DEBUG: Crawled (200) <GET https://su.lianjia.com/apartment/6859.html> (referer: https://su.lianjia.com/zufang/pg2)
2019-02-20 12:41:47 [scrapy.core.engine] DEBUG: Crawled (200) <GET https://su.lianjia.com/zufang/SU2194177866285973504.html> (referer: https://su.lianjia.com/zufang/pg2)
2019-02-20 12:41:47 [scrapy.core.engine] DEBUG: Crawled (200) <GET https://su.lianjia.com/zufang/SU2196067452649996288.html> (referer: https://su.lianjia.com/zufang/pg2)
2019-02-20 12:41:47 [scrapy.core.engine] DEBUG: Crawled (200) <GET https://su.lianjia.com/zufang/SU2193362322292998144.html> (referer: https://su.lianjia.com/zufang/pg2)
2019-02-20 12:41:47 [scrapy.core.engine] DEBUG: Crawled (200) <GET https://su.lianjia.com/zufang/SU2194781097857400832.html> (referer: https://su.lianjia.com/zufang/pg2)
2019-02-20 12:41:47 [scrapy.core.engine] DEBUG: Crawled (200) <GET https://su.lianjia.com/apartment/13397.html> (referer: https://su.lianjia.com/zufang/pg2)
2019-02-20 12:41:47 [scrapy.core.engine] DEBUG: Crawled (200) <GET https://su.lianjia.com/zufang/SU2194418690874163200.html> (referer: https://su.lianjia.com/zufang/pg2)
2019-02-20 12:41:47 [scrapy.core.engine] DEBUG: Crawled (200) <GET https://su.lianjia.com/zufang/SU2195374245029085184.html> (referer: https://su.lianjia.com/zufang/pg2)
2019-02-20 12:41:47 [scrapy.core.engine] DEBUG: Crawled (200) <GET https://su.lianjia.com/apartment/5448.html> (referer: https://su.lianjia.com/zufang/pg2)
2019-02-20 12:41:47 [scrapy.core.engine] DEBUG: Crawled (200) <GET https://su.lianjia.com/apartment/12735.html> (referer: https://su.lianjia.com/zufang/pg2)
2019-02-20 12:41:47 [scrapy.core.engine] DEBUG: Crawled (200) <GET https://su.lianjia.com/zufang/SU2194769097424633856.html> (referer: https://su.lianjia.com/zufang/pg2)
2019-02-20 12:41:47 [scrapy.core.engine] DEBUG: Crawled (200) <GET https://su.lianjia.com/apartment/12683.html> (referer: https://su.lianjia.com/zufang/pg2)
2019-02-20 12:41:47 [scrapy.core.engine] DEBUG: Crawled (200) <GET https://su.lianjia.com/zufang/SU2194662760980422656.html> (referer: https://su.lianjia.com/zufang/pg2)
2019-02-20 12:41:47 [scrapy.core.engine] DEBUG: Crawled (200) <GET https://su.lianjia.com/zufang/SU2193528593756733440.html> (referer: https://su.lianjia.com/zufang/pg2)
2019-02-20 12:41:47 [scrapy.core.engine] DEBUG: Crawled (200) <GET https://su.lianjia.com/zufang/SU2193985049165037568.html> (referer: https://su.lianjia.com/zufang/pg2)
2019-02-20 12:41:48 [scrapy.core.engine] DEBUG: Crawled (200) <GET https://su.lianjia.com/zufang/SU2193927721955106816.html> (referer: https://su.lianjia.com/zufang/pg2)
2019-02-20 12:41:48 [scrapy.core.engine] DEBUG: Crawled (200) <GET https://su.lianjia.com/apartment/5448.html> (referer: https://su.lianjia.com/zufang/pg2)
2019-02-20 12:41:48 [scrapy.core.engine] DEBUG: Crawled (200) <GET https://su.lianjia.com/zufang/SU2192782393847857152.html> (referer: https://su.lianjia.com/zufang/pg2)
2019-02-20 12:41:48 [scrapy.core.engine] DEBUG: Crawled (200) <GET https://su.lianjia.com/apartment/10730.html> (referer: https://su.lianjia.com/zufang/pg2)
2019-02-20 12:41:48 [scrapy.core.engine] DEBUG: Crawled (200) <GET https://su.lianjia.com/apartment/7176.html> (referer: https://su.lianjia.com/zufang/pg2)
2019-02-20 12:41:48 [scrapy.core.engine] DEBUG: Crawled (200) <GET https://su.lianjia.com/zufang/SU2194851574369484800.html> (referer: https://su.lianjia.com/zufang/pg2)
2019-02-20 12:41:48 [scrapy.core.engine] DEBUG: Crawled (200) <GET https://su.lianjia.com/zufang/SU2194584378766524416.html> (referer: https://su.lianjia.com/zufang/pg2)
2019-02-20 12:41:48 [scrapy.core.engine] DEBUG: Crawled (200) <GET https://su.lianjia.com/zufang/SU2194776862474387456.html> (referer: https://su.lianjia.com/zufang/pg1)
2019-02-20 12:41:48 [scrapy.core.engine] DEBUG: Crawled (200) <GET https://su.lianjia.com/apartment/7176.html> (referer: https://su.lianjia.com/zufang/pg1)
2019-02-20 12:41:48 [scrapy.core.engine] DEBUG: Crawled (200) <GET https://su.lianjia.com/zufang/SU2192782428811304960.html> (referer: https://su.lianjia.com/zufang/pg2)
2019-02-20 12:41:48 [scrapy.core.engine] DEBUG: Crawled (200) <GET https://su.lianjia.com/zufang/SU2193939714736922624.html> (referer: https://su.lianjia.com/zufang/pg1)
2019-02-20 12:41:48 [scrapy.core.engine] DEBUG: Crawled (200) <GET https://su.lianjia.com/apartment/14657.html> (referer: https://su.lianjia.com/zufang/pg1)
2019-02-20 12:41:48 [scrapy.core.engine] DEBUG: Crawled (200) <GET https://su.lianjia.com/apartment/15303.html> (referer: https://su.lianjia.com/zufang/pg1)
2019-02-20 12:41:48 [scrapy.core.engine] DEBUG: Crawled (200) <GET https://su.lianjia.com/zufang/SU2194056917180227584.html> (referer: https://su.lianjia.com/zufang/pg1)
2019-02-20 12:41:48 [scrapy.core.engine] DEBUG: Crawled (200) <GET https://su.lianjia.com/zufang/SU2193213211354857472.html> (referer: https://su.lianjia.com/zufang/pg1)
2019-02-20 12:41:48 [scrapy.core.engine] DEBUG: Crawled (200) <GET https://su.lianjia.com/zufang/SU2189729133901119488.html> (referer: https://su.lianjia.com/zufang/pg1)
2019-02-20 12:41:48 [scrapy.core.engine] DEBUG: Crawled (200) <GET https://su.lianjia.com/apartment/6773.html> (referer: https://su.lianjia.com/zufang/pg1)
2019-02-20 12:41:48 [scrapy.core.engine] DEBUG: Crawled (200) <GET https://su.lianjia.com/zufang/SU2194090530970017792.html> (referer: https://su.lianjia.com/zufang/pg1)
2019-02-20 12:41:48 [scrapy.core.engine] DEBUG: Crawled (200) <GET https://su.lianjia.com/apartment/7176.html> (referer: https://su.lianjia.com/zufang/pg1)
2019-02-20 12:41:48 [scrapy.core.engine] DEBUG: Crawled (200) <GET https://su.lianjia.com/zufang/SU2196061130139639808.html> (referer: https://su.lianjia.com/zufang/pg1)
2019-02-20 12:41:48 [scrapy.core.engine] DEBUG: Crawled (200) <GET https://su.lianjia.com/apartment/4724.html> (referer: https://su.lianjia.com/zufang/pg1)
2019-02-20 12:41:49 [scrapy.core.engine] DEBUG: Crawled (200) <GET https://su.lianjia.com/zufang/SU2194589180515065856.html> (referer: https://su.lianjia.com/zufang/pg1)
2019-02-20 12:41:49 [scrapy.core.engine] INFO: Closing spider (finished)
2019-02-20 12:41:49 [scrapy.statscollectors] INFO: Dumping Scrapy stats:
{'downloader/request_bytes': 31968,
 'downloader/request_count': 62,
 'downloader/request_method_count/GET': 62,
 'downloader/response_bytes': 1286164,
 'downloader/response_count': 62,
 'downloader/response_status_count/200': 62,
 'finish_reason': 'finished',
 'finish_time': datetime.datetime(2019, 2, 20, 4, 41, 49, 173287),
 'log_count/DEBUG': 63,
 'log_count/INFO': 7,
 'request_depth_max': 1,
 'response_received_count': 62,
 'scheduler/dequeued': 62,
 'scheduler/dequeued/memory': 62,
 'scheduler/enqueued': 62,
 'scheduler/enqueued/memory': 62,
 'start_time': datetime.datetime(2019, 2, 20, 4, 41, 45, 241765)}
2019-02-20 12:41:49 [scrapy.core.engine] INFO: Spider closed (finished)
2019-02-20 12:50:34 [scrapy.utils.log] INFO: Scrapy 1.5.1 started (bot: Xcdl)
2019-02-20 12:50:34 [scrapy.utils.log] INFO: Versions: lxml 4.3.0.0, libxml2 2.9.8, cssselect 1.0.3, parsel 1.5.1, w3lib 1.20.0, Twisted 18.9.0, Python 3.6.8 |Anaconda, Inc.| (default, Feb 11 2019, 15:03:47) [MSC v.1915 64 bit (AMD64)], pyOpenSSL 19.0.0 (OpenSSL 1.1.1a  20 Nov 2018), cryptography 2.5, Platform Windows-10-10.0.17134-SP0
2019-02-20 12:50:34 [scrapy.crawler] INFO: Overridden settings: {'BOT_NAME': 'Xcdl', 'LOG_FILE': 'C:\\Users\\zhangr1\\PycharmProjects\\Xcdl\\Xcdl\\log\\xici.log', 'NEWSPIDER_MODULE': 'Xcdl.spiders', 'SPIDER_MODULES': ['Xcdl.spiders']}
2019-02-20 12:50:34 [scrapy.middleware] INFO: Enabled extensions:
['scrapy.extensions.corestats.CoreStats',
 'scrapy.extensions.telnet.TelnetConsole',
 'scrapy.extensions.logstats.LogStats']
2019-02-20 12:50:35 [scrapy.middleware] INFO: Enabled downloader middlewares:
['scrapy.downloadermiddlewares.httpauth.HttpAuthMiddleware',
 'scrapy.downloadermiddlewares.downloadtimeout.DownloadTimeoutMiddleware',
 'scrapy.downloadermiddlewares.defaultheaders.DefaultHeadersMiddleware',
 'scrapy.downloadermiddlewares.useragent.UserAgentMiddleware',
 'scrapy.downloadermiddlewares.retry.RetryMiddleware',
 'scrapy.downloadermiddlewares.redirect.MetaRefreshMiddleware',
 'scrapy.downloadermiddlewares.httpcompression.HttpCompressionMiddleware',
 'scrapy.downloadermiddlewares.redirect.RedirectMiddleware',
 'scrapy.downloadermiddlewares.cookies.CookiesMiddleware',
 'scrapy.downloadermiddlewares.httpproxy.HttpProxyMiddleware',
 'scrapy.downloadermiddlewares.stats.DownloaderStats']
2019-02-20 12:50:35 [scrapy.middleware] INFO: Enabled spider middlewares:
['scrapy.spidermiddlewares.httperror.HttpErrorMiddleware',
 'scrapy.spidermiddlewares.offsite.OffsiteMiddleware',
 'scrapy.spidermiddlewares.referer.RefererMiddleware',
 'scrapy.spidermiddlewares.urllength.UrlLengthMiddleware',
 'scrapy.spidermiddlewares.depth.DepthMiddleware']
2019-02-20 12:50:35 [scrapy.middleware] INFO: Enabled item pipelines:
['Xcdl.pipelines.MinhuaPipelines', 'Xcdl.pipelines.XcdlspPipeline']
2019-02-20 12:50:35 [scrapy.core.engine] INFO: Spider opened
2019-02-20 12:50:35 [scrapy.extensions.logstats] INFO: Crawled 0 pages (at 0 pages/min), scraped 0 items (at 0 items/min)
2019-02-20 12:50:35 [scrapy.extensions.telnet] DEBUG: Telnet console listening on 127.0.0.1:6024
2019-02-20 12:50:35 [scrapy.core.engine] DEBUG: Crawled (200) <GET https://su.lianjia.com/zufang/pg2> (referer: None)
2019-02-20 12:50:35 [scrapy.core.engine] DEBUG: Crawled (200) <GET https://su.lianjia.com/zufang/pg1> (referer: None)
2019-02-20 12:50:35 [scrapy.core.engine] DEBUG: Crawled (200) <GET https://su.lianjia.com/zufang/SU2194418690874163200.html> (referer: https://su.lianjia.com/zufang/pg2)
2019-02-20 12:50:35 [scrapy.core.engine] DEBUG: Crawled (200) <GET https://su.lianjia.com/zufang/SU2196067452649996288.html> (referer: https://su.lianjia.com/zufang/pg2)
2019-02-20 12:50:36 [scrapy.core.engine] DEBUG: Crawled (200) <GET https://su.lianjia.com/zufang/SU2195374245029085184.html> (referer: https://su.lianjia.com/zufang/pg2)
2019-02-20 12:50:36 [scrapy.core.engine] DEBUG: Crawled (200) <GET https://su.lianjia.com/apartment/13397.html> (referer: https://su.lianjia.com/zufang/pg2)
2019-02-20 12:50:36 [scrapy.core.engine] DEBUG: Crawled (200) <GET https://su.lianjia.com/zufang/SU2193362322292998144.html> (referer: https://su.lianjia.com/zufang/pg2)
2019-02-20 12:50:36 [scrapy.core.engine] DEBUG: Crawled (200) <GET https://su.lianjia.com/apartment/12735.html> (referer: https://su.lianjia.com/zufang/pg2)
2019-02-20 12:50:36 [scrapy.core.engine] DEBUG: Crawled (200) <GET https://su.lianjia.com/apartment/5448.html> (referer: https://su.lianjia.com/zufang/pg2)
2019-02-20 12:50:36 [scrapy.core.engine] DEBUG: Crawled (200) <GET https://su.lianjia.com/zufang/SU2193985049165037568.html> (referer: https://su.lianjia.com/zufang/pg2)
2019-02-20 12:50:36 [scrapy.core.engine] DEBUG: Crawled (200) <GET https://su.lianjia.com/zufang/SU2194769097424633856.html> (referer: https://su.lianjia.com/zufang/pg2)
2019-02-20 12:50:36 [scrapy.core.engine] DEBUG: Crawled (200) <GET https://su.lianjia.com/apartment/12683.html> (referer: https://su.lianjia.com/zufang/pg2)
2019-02-20 12:50:36 [scrapy.core.engine] DEBUG: Crawled (200) <GET https://su.lianjia.com/zufang/SU2193528593756733440.html> (referer: https://su.lianjia.com/zufang/pg2)
2019-02-20 12:50:36 [scrapy.core.engine] DEBUG: Crawled (200) <GET https://su.lianjia.com/zufang/SU2193927721955106816.html> (referer: https://su.lianjia.com/zufang/pg2)
2019-02-20 12:50:36 [scrapy.core.engine] DEBUG: Crawled (200) <GET https://su.lianjia.com/zufang/SU2194662760980422656.html> (referer: https://su.lianjia.com/zufang/pg2)
2019-02-20 12:50:36 [scrapy.core.engine] DEBUG: Crawled (200) <GET https://su.lianjia.com/apartment/10730.html> (referer: https://su.lianjia.com/zufang/pg2)
2019-02-20 12:50:36 [scrapy.core.engine] DEBUG: Crawled (200) <GET https://su.lianjia.com/apartment/5448.html> (referer: https://su.lianjia.com/zufang/pg2)
2019-02-20 12:50:36 [scrapy.core.engine] DEBUG: Crawled (200) <GET https://su.lianjia.com/zufang/SU2193917709454934016.html> (referer: https://su.lianjia.com/zufang/pg1)
2019-02-20 12:50:36 [scrapy.core.engine] DEBUG: Crawled (200) <GET https://su.lianjia.com/apartment/11288.html> (referer: https://su.lianjia.com/zufang/pg1)
2019-02-20 12:50:36 [scrapy.core.engine] DEBUG: Crawled (200) <GET https://su.lianjia.com/zufang/SU2195554956315475968.html> (referer: https://su.lianjia.com/zufang/pg1)
2019-02-20 12:50:36 [scrapy.core.engine] DEBUG: Crawled (200) <GET https://su.lianjia.com/apartment/14657.html> (referer: https://su.lianjia.com/zufang/pg1)
2019-02-20 12:50:36 [scrapy.core.engine] DEBUG: Crawled (200) <GET https://su.lianjia.com/apartment/5448.html> (referer: https://su.lianjia.com/zufang/pg1)
2019-02-20 12:50:36 [scrapy.core.engine] DEBUG: Crawled (200) <GET https://su.lianjia.com/zufang/SU2193192335213871104.html> (referer: https://su.lianjia.com/zufang/pg1)
2019-02-20 12:50:36 [scrapy.core.engine] DEBUG: Crawled (200) <GET https://su.lianjia.com/zufang/SU2194584378766524416.html> (referer: https://su.lianjia.com/zufang/pg2)
2019-02-20 12:50:36 [scrapy.core.engine] DEBUG: Crawled (200) <GET https://su.lianjia.com/zufang/SU2190300769410875392.html> (referer: https://su.lianjia.com/zufang/pg1)
2019-02-20 12:50:36 [scrapy.core.engine] DEBUG: Crawled (200) <GET https://su.lianjia.com/zufang/SU2194926537025781760.html> (referer: https://su.lianjia.com/zufang/pg1)
2019-02-20 12:50:36 [scrapy.core.engine] DEBUG: Crawled (200) <GET https://su.lianjia.com/zufang/SU2194776862474387456.html> (referer: https://su.lianjia.com/zufang/pg1)
2019-02-20 12:50:37 [scrapy.core.engine] DEBUG: Crawled (200) <GET https://su.lianjia.com/apartment/7176.html> (referer: https://su.lianjia.com/zufang/pg1)
2019-02-20 12:50:37 [scrapy.core.engine] DEBUG: Crawled (200) <GET https://su.lianjia.com/zufang/SU2193939714736922624.html> (referer: https://su.lianjia.com/zufang/pg1)
2019-02-20 12:50:37 [scrapy.core.engine] DEBUG: Crawled (200) <GET https://su.lianjia.com/apartment/14657.html> (referer: https://su.lianjia.com/zufang/pg1)
2019-02-20 12:50:37 [scrapy.core.engine] DEBUG: Crawled (200) <GET https://su.lianjia.com/apartment/15303.html> (referer: https://su.lianjia.com/zufang/pg1)
2019-02-20 12:50:37 [scrapy.core.engine] DEBUG: Crawled (200) <GET https://su.lianjia.com/zufang/SU2193213211354857472.html> (referer: https://su.lianjia.com/zufang/pg1)
2019-02-20 12:50:37 [scrapy.core.engine] DEBUG: Crawled (200) <GET https://su.lianjia.com/zufang/SU2194056917180227584.html> (referer: https://su.lianjia.com/zufang/pg1)
2019-02-20 12:50:37 [scrapy.core.engine] DEBUG: Crawled (200) <GET https://su.lianjia.com/apartment/6773.html> (referer: https://su.lianjia.com/zufang/pg1)
2019-02-20 12:50:37 [scrapy.core.engine] DEBUG: Crawled (200) <GET https://su.lianjia.com/zufang/SU2194090530970017792.html> (referer: https://su.lianjia.com/zufang/pg1)
2019-02-20 12:50:37 [scrapy.core.engine] DEBUG: Crawled (200) <GET https://su.lianjia.com/apartment/7176.html> (referer: https://su.lianjia.com/zufang/pg1)
2019-02-20 12:50:37 [scrapy.core.engine] DEBUG: Crawled (200) <GET https://su.lianjia.com/zufang/SU2189729133901119488.html> (referer: https://su.lianjia.com/zufang/pg1)
2019-02-20 12:50:37 [scrapy.core.engine] DEBUG: Crawled (200) <GET https://su.lianjia.com/zufang/SU2195394192258105344.html> (referer: https://su.lianjia.com/zufang/pg2)
2019-02-20 12:50:37 [scrapy.core.engine] DEBUG: Crawled (200) <GET https://su.lianjia.com/apartment/6050.html> (referer: https://su.lianjia.com/zufang/pg2)
2019-02-20 12:50:37 [scrapy.core.engine] DEBUG: Crawled (200) <GET https://su.lianjia.com/zufang/SU2195374245289402368.html> (referer: https://su.lianjia.com/zufang/pg2)
2019-02-20 12:50:37 [scrapy.core.engine] DEBUG: Crawled (200) <GET https://su.lianjia.com/apartment/5448.html> (referer: https://su.lianjia.com/zufang/pg2)
2019-02-20 12:50:37 [scrapy.core.engine] DEBUG: Crawled (200) <GET https://su.lianjia.com/zufang/SU2181103394272313344.html> (referer: https://su.lianjia.com/zufang/pg2)
2019-02-20 12:50:37 [scrapy.core.engine] DEBUG: Crawled (200) <GET https://su.lianjia.com/zufang/SU2193549306521190400.html> (referer: https://su.lianjia.com/zufang/pg2)
2019-02-20 12:50:37 [scrapy.core.engine] DEBUG: Crawled (200) <GET https://su.lianjia.com/apartment/6751.html> (referer: https://su.lianjia.com/zufang/pg2)
2019-02-20 12:50:37 [scrapy.core.engine] DEBUG: Crawled (200) <GET https://su.lianjia.com/zufang/SU2194177866285973504.html> (referer: https://su.lianjia.com/zufang/pg2)
2019-02-20 12:50:37 [scrapy.core.engine] DEBUG: Crawled (200) <GET https://su.lianjia.com/apartment/6859.html> (referer: https://su.lianjia.com/zufang/pg2)
2019-02-20 12:50:37 [scrapy.core.engine] DEBUG: Crawled (200) <GET https://su.lianjia.com/zufang/SU2194781097857400832.html> (referer: https://su.lianjia.com/zufang/pg2)
2019-02-20 12:50:37 [scrapy.core.engine] DEBUG: Crawled (200) <GET https://su.lianjia.com/zufang/SU2196061130139639808.html> (referer: https://su.lianjia.com/zufang/pg1)
2019-02-20 12:50:37 [scrapy.core.engine] DEBUG: Crawled (200) <GET https://su.lianjia.com/zufang/SU2194840911274852352.html> (referer: https://su.lianjia.com/zufang/pg1)
2019-02-20 12:50:37 [scrapy.core.engine] DEBUG: Crawled (200) <GET https://su.lianjia.com/zufang/SU2194845528431263744.html> (referer: https://su.lianjia.com/zufang/pg1)
2019-02-20 12:50:37 [scrapy.core.engine] DEBUG: Crawled (200) <GET https://su.lianjia.com/apartment/15303.html> (referer: https://su.lianjia.com/zufang/pg1)
2019-02-20 12:50:37 [scrapy.core.engine] DEBUG: Crawled (200) <GET https://su.lianjia.com/zufang/SU2194589180515065856.html> (referer: https://su.lianjia.com/zufang/pg1)
2019-02-20 12:50:38 [scrapy.core.engine] DEBUG: Crawled (200) <GET https://su.lianjia.com/apartment/4724.html> (referer: https://su.lianjia.com/zufang/pg1)
2019-02-20 12:50:38 [scrapy.core.engine] DEBUG: Crawled (200) <GET https://su.lianjia.com/zufang/SU2194663912199700480.html> (referer: https://su.lianjia.com/zufang/pg1)
2019-02-20 12:50:38 [scrapy.core.engine] DEBUG: Crawled (200) <GET https://su.lianjia.com/zufang/SU2194842876197224448.html> (referer: https://su.lianjia.com/zufang/pg1)
2019-02-20 12:50:38 [scrapy.core.engine] DEBUG: Crawled (200) <GET https://su.lianjia.com/apartment/13237.html> (referer: https://su.lianjia.com/zufang/pg1)
2019-02-20 12:50:38 [scrapy.core.engine] DEBUG: Crawled (200) <GET https://su.lianjia.com/apartment/6997.html> (referer: https://su.lianjia.com/zufang/pg1)
2019-02-20 12:50:38 [scrapy.core.engine] DEBUG: Crawled (200) <GET https://su.lianjia.com/apartment/7176.html> (referer: https://su.lianjia.com/zufang/pg2)
2019-02-20 12:50:38 [scrapy.core.engine] DEBUG: Crawled (200) <GET https://su.lianjia.com/zufang/SU2194851574369484800.html> (referer: https://su.lianjia.com/zufang/pg2)
2019-02-20 12:50:38 [scrapy.core.engine] DEBUG: Crawled (200) <GET https://su.lianjia.com/zufang/SU2192782428811304960.html> (referer: https://su.lianjia.com/zufang/pg2)
2019-02-20 12:50:38 [scrapy.core.engine] DEBUG: Crawled (200) <GET https://su.lianjia.com/zufang/SU2196043913302130688.html> (referer: https://su.lianjia.com/zufang/pg1)
2019-02-20 12:50:38 [scrapy.core.engine] DEBUG: Crawled (200) <GET https://su.lianjia.com/zufang/SU2192782393847857152.html> (referer: https://su.lianjia.com/zufang/pg2)
2019-02-20 12:50:38 [scrapy.core.engine] INFO: Closing spider (finished)
2019-02-20 12:50:38 [scrapy.statscollectors] INFO: Dumping Scrapy stats:
{'downloader/request_bytes': 34200,
 'downloader/request_count': 62,
 'downloader/request_method_count/GET': 62,
 'downloader/response_bytes': 1286937,
 'downloader/response_count': 62,
 'downloader/response_status_count/200': 62,
 'finish_reason': 'finished',
 'finish_time': datetime.datetime(2019, 2, 20, 4, 50, 38, 596397),
 'log_count/DEBUG': 63,
 'log_count/INFO': 7,
 'request_depth_max': 1,
 'response_received_count': 62,
 'scheduler/dequeued': 62,
 'scheduler/dequeued/memory': 62,
 'scheduler/enqueued': 62,
 'scheduler/enqueued/memory': 62,
 'start_time': datetime.datetime(2019, 2, 20, 4, 50, 35, 157596)}
2019-02-20 12:50:38 [scrapy.core.engine] INFO: Spider closed (finished)
2019-02-20 12:51:10 [scrapy.utils.log] INFO: Scrapy 1.5.1 started (bot: Xcdl)
2019-02-20 12:51:10 [scrapy.utils.log] INFO: Versions: lxml 4.3.0.0, libxml2 2.9.8, cssselect 1.0.3, parsel 1.5.1, w3lib 1.20.0, Twisted 18.9.0, Python 3.6.8 |Anaconda, Inc.| (default, Feb 11 2019, 15:03:47) [MSC v.1915 64 bit (AMD64)], pyOpenSSL 19.0.0 (OpenSSL 1.1.1a  20 Nov 2018), cryptography 2.5, Platform Windows-10-10.0.17134-SP0
2019-02-20 12:51:10 [scrapy.crawler] INFO: Overridden settings: {'BOT_NAME': 'Xcdl', 'LOG_FILE': 'C:\\Users\\zhangr1\\PycharmProjects\\Xcdl\\Xcdl\\log\\xici.log', 'NEWSPIDER_MODULE': 'Xcdl.spiders', 'SPIDER_MODULES': ['Xcdl.spiders']}
2019-02-20 12:51:10 [scrapy.middleware] INFO: Enabled extensions:
['scrapy.extensions.corestats.CoreStats',
 'scrapy.extensions.telnet.TelnetConsole',
 'scrapy.extensions.logstats.LogStats']
2019-02-20 12:51:10 [scrapy.middleware] INFO: Enabled downloader middlewares:
['scrapy.downloadermiddlewares.httpauth.HttpAuthMiddleware',
 'scrapy.downloadermiddlewares.downloadtimeout.DownloadTimeoutMiddleware',
 'scrapy.downloadermiddlewares.defaultheaders.DefaultHeadersMiddleware',
 'scrapy.downloadermiddlewares.useragent.UserAgentMiddleware',
 'scrapy.downloadermiddlewares.retry.RetryMiddleware',
 'scrapy.downloadermiddlewares.redirect.MetaRefreshMiddleware',
 'scrapy.downloadermiddlewares.httpcompression.HttpCompressionMiddleware',
 'scrapy.downloadermiddlewares.redirect.RedirectMiddleware',
 'scrapy.downloadermiddlewares.cookies.CookiesMiddleware',
 'scrapy.downloadermiddlewares.httpproxy.HttpProxyMiddleware',
 'scrapy.downloadermiddlewares.stats.DownloaderStats']
2019-02-20 12:51:10 [scrapy.middleware] INFO: Enabled spider middlewares:
['scrapy.spidermiddlewares.httperror.HttpErrorMiddleware',
 'scrapy.spidermiddlewares.offsite.OffsiteMiddleware',
 'scrapy.spidermiddlewares.referer.RefererMiddleware',
 'scrapy.spidermiddlewares.urllength.UrlLengthMiddleware',
 'scrapy.spidermiddlewares.depth.DepthMiddleware']
2019-02-20 12:51:10 [scrapy.middleware] INFO: Enabled item pipelines:
['Xcdl.pipelines.MinhuaPipelines', 'Xcdl.pipelines.XcdlspPipeline']
2019-02-20 12:51:10 [scrapy.core.engine] INFO: Spider opened
2019-02-20 12:51:10 [scrapy.extensions.logstats] INFO: Crawled 0 pages (at 0 pages/min), scraped 0 items (at 0 items/min)
2019-02-20 12:51:10 [scrapy.extensions.telnet] DEBUG: Telnet console listening on 127.0.0.1:6024
2019-02-20 12:51:10 [scrapy.core.engine] DEBUG: Crawled (200) <GET https://su.lianjia.com/zufang/pg2> (referer: None)
2019-02-20 12:51:10 [scrapy.core.engine] DEBUG: Crawled (200) <GET https://su.lianjia.com/zufang/pg1> (referer: None)
2019-02-20 12:51:11 [scrapy.core.engine] DEBUG: Crawled (200) <GET https://su.lianjia.com/zufang/SU2192782428811304960.html> (referer: https://su.lianjia.com/zufang/pg2)
2019-02-20 12:51:11 [scrapy.core.engine] DEBUG: Crawled (200) <GET https://su.lianjia.com/zufang/SU2195394192258105344.html> (referer: https://su.lianjia.com/zufang/pg2)
2019-02-20 12:51:11 [scrapy.core.engine] DEBUG: Crawled (200) <GET https://su.lianjia.com/zufang/SU2192782393847857152.html> (referer: https://su.lianjia.com/zufang/pg2)
2019-02-20 12:51:11 [scrapy.core.engine] DEBUG: Crawled (200) <GET https://su.lianjia.com/zufang/SU2194851574369484800.html> (referer: https://su.lianjia.com/zufang/pg2)
2019-02-20 12:51:11 [scrapy.core.engine] DEBUG: Crawled (200) <GET https://su.lianjia.com/apartment/7176.html> (referer: https://su.lianjia.com/zufang/pg2)
2019-02-20 12:51:11 [scrapy.core.engine] DEBUG: Crawled (200) <GET https://su.lianjia.com/apartment/6050.html> (referer: https://su.lianjia.com/zufang/pg2)
2019-02-20 12:51:11 [scrapy.core.engine] DEBUG: Crawled (200) <GET https://su.lianjia.com/apartment/5448.html> (referer: https://su.lianjia.com/zufang/pg2)
2019-02-20 12:51:11 [scrapy.core.engine] DEBUG: Crawled (200) <GET https://su.lianjia.com/zufang/SU2194177866285973504.html> (referer: https://su.lianjia.com/zufang/pg2)
2019-02-20 12:51:11 [scrapy.core.engine] DEBUG: Crawled (200) <GET https://su.lianjia.com/zufang/SU2195374245289402368.html> (referer: https://su.lianjia.com/zufang/pg2)
2019-02-20 12:51:11 [scrapy.core.engine] DEBUG: Crawled (200) <GET https://su.lianjia.com/apartment/6751.html> (referer: https://su.lianjia.com/zufang/pg2)
2019-02-20 12:51:11 [scrapy.core.engine] DEBUG: Crawled (200) <GET https://su.lianjia.com/zufang/SU2193549306521190400.html> (referer: https://su.lianjia.com/zufang/pg2)
2019-02-20 12:51:11 [scrapy.core.engine] DEBUG: Crawled (200) <GET https://su.lianjia.com/zufang/SU2181103394272313344.html> (referer: https://su.lianjia.com/zufang/pg2)
2019-02-20 12:51:11 [scrapy.core.engine] DEBUG: Crawled (200) <GET https://su.lianjia.com/apartment/6859.html> (referer: https://su.lianjia.com/zufang/pg2)
2019-02-20 12:51:11 [scrapy.core.engine] DEBUG: Crawled (200) <GET https://su.lianjia.com/zufang/SU2194781097857400832.html> (referer: https://su.lianjia.com/zufang/pg2)
2019-02-20 12:51:11 [scrapy.core.engine] DEBUG: Crawled (200) <GET https://su.lianjia.com/zufang/SU2196067452649996288.html> (referer: https://su.lianjia.com/zufang/pg2)
2019-02-20 12:51:11 [scrapy.core.engine] DEBUG: Crawled (200) <GET https://su.lianjia.com/apartment/13397.html> (referer: https://su.lianjia.com/zufang/pg2)
2019-02-20 12:51:11 [scrapy.core.engine] DEBUG: Crawled (200) <GET https://su.lianjia.com/zufang/SU2195554956315475968.html> (referer: https://su.lianjia.com/zufang/pg1)
2019-02-20 12:51:11 [scrapy.core.engine] DEBUG: Crawled (200) <GET https://su.lianjia.com/zufang/SU2193917709454934016.html> (referer: https://su.lianjia.com/zufang/pg1)
2019-02-20 12:51:11 [scrapy.core.engine] DEBUG: Crawled (200) <GET https://su.lianjia.com/apartment/11288.html> (referer: https://su.lianjia.com/zufang/pg1)
2019-02-20 12:51:12 [scrapy.core.engine] DEBUG: Crawled (200) <GET https://su.lianjia.com/zufang/SU2193192335213871104.html> (referer: https://su.lianjia.com/zufang/pg1)
2019-02-20 12:51:12 [scrapy.core.engine] DEBUG: Crawled (200) <GET https://su.lianjia.com/apartment/5448.html> (referer: https://su.lianjia.com/zufang/pg1)
2019-02-20 12:51:12 [scrapy.core.engine] DEBUG: Crawled (200) <GET https://su.lianjia.com/apartment/14657.html> (referer: https://su.lianjia.com/zufang/pg1)
2019-02-20 12:51:12 [scrapy.core.engine] DEBUG: Crawled (200) <GET https://su.lianjia.com/zufang/SU2194926537025781760.html> (referer: https://su.lianjia.com/zufang/pg1)
2019-02-20 12:51:12 [scrapy.core.engine] DEBUG: Crawled (200) <GET https://su.lianjia.com/zufang/SU2190300769410875392.html> (referer: https://su.lianjia.com/zufang/pg1)
2019-02-20 12:51:12 [scrapy.core.engine] DEBUG: Crawled (200) <GET https://su.lianjia.com/zufang/SU2194776862474387456.html> (referer: https://su.lianjia.com/zufang/pg1)
2019-02-20 12:51:12 [scrapy.core.engine] DEBUG: Crawled (200) <GET https://su.lianjia.com/apartment/14657.html> (referer: https://su.lianjia.com/zufang/pg1)
2019-02-20 12:51:12 [scrapy.core.engine] DEBUG: Crawled (200) <GET https://su.lianjia.com/apartment/7176.html> (referer: https://su.lianjia.com/zufang/pg1)
2019-02-20 12:51:12 [scrapy.core.engine] DEBUG: Crawled (200) <GET https://su.lianjia.com/zufang/SU2193939714736922624.html> (referer: https://su.lianjia.com/zufang/pg1)
2019-02-20 12:51:12 [scrapy.core.engine] DEBUG: Crawled (200) <GET https://su.lianjia.com/apartment/15303.html> (referer: https://su.lianjia.com/zufang/pg1)
2019-02-20 12:51:12 [scrapy.core.engine] DEBUG: Crawled (200) <GET https://su.lianjia.com/zufang/SU2194090530970017792.html> (referer: https://su.lianjia.com/zufang/pg1)
2019-02-20 12:51:12 [scrapy.core.engine] DEBUG: Crawled (200) <GET https://su.lianjia.com/zufang/SU2193213211354857472.html> (referer: https://su.lianjia.com/zufang/pg1)
2019-02-20 12:51:12 [scrapy.core.engine] DEBUG: Crawled (200) <GET https://su.lianjia.com/apartment/7176.html> (referer: https://su.lianjia.com/zufang/pg1)
2019-02-20 12:51:12 [scrapy.core.engine] DEBUG: Crawled (200) <GET https://su.lianjia.com/zufang/SU2194056917180227584.html> (referer: https://su.lianjia.com/zufang/pg1)
2019-02-20 12:51:12 [scrapy.core.engine] DEBUG: Crawled (200) <GET https://su.lianjia.com/apartment/6773.html> (referer: https://su.lianjia.com/zufang/pg1)
2019-02-20 12:51:12 [scrapy.core.engine] DEBUG: Crawled (200) <GET https://su.lianjia.com/zufang/SU2189729133901119488.html> (referer: https://su.lianjia.com/zufang/pg1)
2019-02-20 12:51:12 [scrapy.core.engine] DEBUG: Crawled (200) <GET https://su.lianjia.com/zufang/SU2196061130139639808.html> (referer: https://su.lianjia.com/zufang/pg1)
2019-02-20 12:51:12 [scrapy.core.engine] DEBUG: Crawled (200) <GET https://su.lianjia.com/zufang/SU2194840911274852352.html> (referer: https://su.lianjia.com/zufang/pg1)
2019-02-20 12:51:12 [scrapy.core.engine] DEBUG: Crawled (200) <GET https://su.lianjia.com/apartment/15303.html> (referer: https://su.lianjia.com/zufang/pg1)
2019-02-20 12:51:12 [scrapy.core.engine] DEBUG: Crawled (200) <GET https://su.lianjia.com/zufang/SU2194663912199700480.html> (referer: https://su.lianjia.com/zufang/pg1)
2019-02-20 12:51:12 [scrapy.core.engine] DEBUG: Crawled (200) <GET https://su.lianjia.com/zufang/SU2194845528431263744.html> (referer: https://su.lianjia.com/zufang/pg1)
2019-02-20 12:51:12 [scrapy.core.engine] DEBUG: Crawled (200) <GET https://su.lianjia.com/apartment/4724.html> (referer: https://su.lianjia.com/zufang/pg1)
2019-02-20 12:51:12 [scrapy.core.engine] DEBUG: Crawled (200) <GET https://su.lianjia.com/apartment/13237.html> (referer: https://su.lianjia.com/zufang/pg1)
2019-02-20 12:51:12 [scrapy.core.engine] DEBUG: Crawled (200) <GET https://su.lianjia.com/zufang/SU2194589180515065856.html> (referer: https://su.lianjia.com/zufang/pg1)
2019-02-20 12:51:13 [scrapy.core.engine] DEBUG: Crawled (200) <GET https://su.lianjia.com/zufang/SU2194418690874163200.html> (referer: https://su.lianjia.com/zufang/pg2)
2019-02-20 12:51:13 [scrapy.core.engine] DEBUG: Crawled (200) <GET https://su.lianjia.com/zufang/SU2193362322292998144.html> (referer: https://su.lianjia.com/zufang/pg2)
2019-02-20 12:51:13 [scrapy.core.engine] DEBUG: Crawled (200) <GET https://su.lianjia.com/zufang/SU2194842876197224448.html> (referer: https://su.lianjia.com/zufang/pg1)
2019-02-20 12:51:13 [scrapy.core.engine] DEBUG: Crawled (200) <GET https://su.lianjia.com/apartment/6997.html> (referer: https://su.lianjia.com/zufang/pg1)
2019-02-20 12:51:13 [scrapy.core.engine] DEBUG: Crawled (200) <GET https://su.lianjia.com/zufang/SU2195374245029085184.html> (referer: https://su.lianjia.com/zufang/pg2)
2019-02-20 12:51:13 [scrapy.core.engine] DEBUG: Crawled (200) <GET https://su.lianjia.com/apartment/5448.html> (referer: https://su.lianjia.com/zufang/pg2)
2019-02-20 12:51:13 [scrapy.core.engine] DEBUG: Crawled (200) <GET https://su.lianjia.com/apartment/12735.html> (referer: https://su.lianjia.com/zufang/pg2)
2019-02-20 12:51:13 [scrapy.core.engine] DEBUG: Crawled (200) <GET https://su.lianjia.com/zufang/SU2194769097424633856.html> (referer: https://su.lianjia.com/zufang/pg2)
2019-02-20 12:51:13 [scrapy.core.engine] DEBUG: Crawled (200) <GET https://su.lianjia.com/zufang/SU2196043913302130688.html> (referer: https://su.lianjia.com/zufang/pg1)
2019-02-20 12:51:13 [scrapy.core.engine] DEBUG: Crawled (200) <GET https://su.lianjia.com/apartment/12683.html> (referer: https://su.lianjia.com/zufang/pg2)
2019-02-20 12:51:13 [scrapy.core.engine] DEBUG: Crawled (200) <GET https://su.lianjia.com/zufang/SU2193528593756733440.html> (referer: https://su.lianjia.com/zufang/pg2)
2019-02-20 12:51:13 [scrapy.core.engine] DEBUG: Crawled (200) <GET https://su.lianjia.com/zufang/SU2193927721955106816.html> (referer: https://su.lianjia.com/zufang/pg2)
2019-02-20 12:51:13 [scrapy.core.engine] DEBUG: Crawled (200) <GET https://su.lianjia.com/zufang/SU2194662760980422656.html> (referer: https://su.lianjia.com/zufang/pg2)
2019-02-20 12:51:13 [scrapy.core.engine] DEBUG: Crawled (200) <GET https://su.lianjia.com/zufang/SU2193985049165037568.html> (referer: https://su.lianjia.com/zufang/pg2)
2019-02-20 12:51:13 [scrapy.core.engine] DEBUG: Crawled (200) <GET https://su.lianjia.com/apartment/10730.html> (referer: https://su.lianjia.com/zufang/pg2)
2019-02-20 12:51:13 [scrapy.core.engine] DEBUG: Crawled (200) <GET https://su.lianjia.com/apartment/5448.html> (referer: https://su.lianjia.com/zufang/pg2)
2019-02-20 12:51:13 [scrapy.core.engine] DEBUG: Crawled (200) <GET https://su.lianjia.com/zufang/SU2194584378766524416.html> (referer: https://su.lianjia.com/zufang/pg2)
2019-02-20 12:51:13 [scrapy.core.engine] INFO: Closing spider (finished)
2019-02-20 12:51:13 [scrapy.statscollectors] INFO: Dumping Scrapy stats:
{'downloader/request_bytes': 34820,
 'downloader/request_count': 62,
 'downloader/request_method_count/GET': 62,
 'downloader/response_bytes': 1286937,
 'downloader/response_count': 62,
 'downloader/response_status_count/200': 62,
 'finish_reason': 'finished',
 'finish_time': datetime.datetime(2019, 2, 20, 4, 51, 13, 937786),
 'log_count/DEBUG': 63,
 'log_count/INFO': 7,
 'request_depth_max': 1,
 'response_received_count': 62,
 'scheduler/dequeued': 62,
 'scheduler/dequeued/memory': 62,
 'scheduler/enqueued': 62,
 'scheduler/enqueued/memory': 62,
 'start_time': datetime.datetime(2019, 2, 20, 4, 51, 10, 713400)}
2019-02-20 12:51:13 [scrapy.core.engine] INFO: Spider closed (finished)
2019-02-20 12:51:22 [scrapy.utils.log] INFO: Scrapy 1.5.1 started (bot: Xcdl)
2019-02-20 12:51:22 [scrapy.utils.log] INFO: Versions: lxml 4.3.0.0, libxml2 2.9.8, cssselect 1.0.3, parsel 1.5.1, w3lib 1.20.0, Twisted 18.9.0, Python 3.6.8 |Anaconda, Inc.| (default, Feb 11 2019, 15:03:47) [MSC v.1915 64 bit (AMD64)], pyOpenSSL 19.0.0 (OpenSSL 1.1.1a  20 Nov 2018), cryptography 2.5, Platform Windows-10-10.0.17134-SP0
2019-02-20 12:51:22 [scrapy.crawler] INFO: Overridden settings: {'BOT_NAME': 'Xcdl', 'LOG_FILE': 'C:\\Users\\zhangr1\\PycharmProjects\\Xcdl\\Xcdl\\log\\xici.log', 'NEWSPIDER_MODULE': 'Xcdl.spiders', 'SPIDER_MODULES': ['Xcdl.spiders']}
2019-02-20 12:51:22 [scrapy.middleware] INFO: Enabled extensions:
['scrapy.extensions.corestats.CoreStats',
 'scrapy.extensions.telnet.TelnetConsole',
 'scrapy.extensions.logstats.LogStats']
2019-02-20 12:51:23 [scrapy.middleware] INFO: Enabled downloader middlewares:
['scrapy.downloadermiddlewares.httpauth.HttpAuthMiddleware',
 'scrapy.downloadermiddlewares.downloadtimeout.DownloadTimeoutMiddleware',
 'scrapy.downloadermiddlewares.defaultheaders.DefaultHeadersMiddleware',
 'scrapy.downloadermiddlewares.useragent.UserAgentMiddleware',
 'scrapy.downloadermiddlewares.retry.RetryMiddleware',
 'scrapy.downloadermiddlewares.redirect.MetaRefreshMiddleware',
 'scrapy.downloadermiddlewares.httpcompression.HttpCompressionMiddleware',
 'scrapy.downloadermiddlewares.redirect.RedirectMiddleware',
 'scrapy.downloadermiddlewares.cookies.CookiesMiddleware',
 'scrapy.downloadermiddlewares.httpproxy.HttpProxyMiddleware',
 'scrapy.downloadermiddlewares.stats.DownloaderStats']
2019-02-20 12:51:23 [scrapy.middleware] INFO: Enabled spider middlewares:
['scrapy.spidermiddlewares.httperror.HttpErrorMiddleware',
 'scrapy.spidermiddlewares.offsite.OffsiteMiddleware',
 'scrapy.spidermiddlewares.referer.RefererMiddleware',
 'scrapy.spidermiddlewares.urllength.UrlLengthMiddleware',
 'scrapy.spidermiddlewares.depth.DepthMiddleware']
2019-02-20 12:51:23 [scrapy.middleware] INFO: Enabled item pipelines:
['Xcdl.pipelines.MinhuaPipelines', 'Xcdl.pipelines.XcdlspPipeline']
2019-02-20 12:51:23 [scrapy.core.engine] INFO: Spider opened
2019-02-20 12:51:23 [scrapy.extensions.logstats] INFO: Crawled 0 pages (at 0 pages/min), scraped 0 items (at 0 items/min)
2019-02-20 12:51:23 [scrapy.extensions.telnet] DEBUG: Telnet console listening on 127.0.0.1:6024
2019-02-20 12:51:23 [scrapy.core.engine] DEBUG: Crawled (200) <GET https://su.lianjia.com/zufang/pg1> (referer: None)
2019-02-20 12:51:23 [scrapy.core.engine] DEBUG: Crawled (200) <GET https://su.lianjia.com/zufang/pg2> (referer: None)
2019-02-20 12:51:23 [scrapy.core.engine] DEBUG: Crawled (200) <GET https://su.lianjia.com/zufang/SU2194842876197224448.html> (referer: https://su.lianjia.com/zufang/pg1)
2019-02-20 12:51:23 [scrapy.core.engine] DEBUG: Crawled (200) <GET https://su.lianjia.com/apartment/12683.html> (referer: https://su.lianjia.com/zufang/pg2)
2019-02-20 12:51:23 [scrapy.core.engine] DEBUG: Crawled (200) <GET https://su.lianjia.com/apartment/6997.html> (referer: https://su.lianjia.com/zufang/pg1)
2019-02-20 12:51:23 [scrapy.core.engine] DEBUG: Crawled (200) <GET https://su.lianjia.com/zufang/SU2193528593756733440.html> (referer: https://su.lianjia.com/zufang/pg2)
2019-02-20 12:51:23 [scrapy.core.engine] DEBUG: Crawled (200) <GET https://su.lianjia.com/zufang/SU2194662760980422656.html> (referer: https://su.lianjia.com/zufang/pg2)
2019-02-20 12:51:23 [scrapy.core.engine] DEBUG: Crawled (200) <GET https://su.lianjia.com/apartment/13237.html> (referer: https://su.lianjia.com/zufang/pg1)
2019-02-20 12:51:24 [scrapy.core.engine] DEBUG: Crawled (200) <GET https://su.lianjia.com/zufang/SU2196043913302130688.html> (referer: https://su.lianjia.com/zufang/pg1)
2019-02-20 12:51:24 [scrapy.core.engine] DEBUG: Crawled (200) <GET https://su.lianjia.com/apartment/5448.html> (referer: https://su.lianjia.com/zufang/pg2)
2019-02-20 12:51:24 [scrapy.core.engine] DEBUG: Crawled (200) <GET https://su.lianjia.com/apartment/10730.html> (referer: https://su.lianjia.com/zufang/pg2)
2019-02-20 12:51:24 [scrapy.core.engine] DEBUG: Crawled (200) <GET https://su.lianjia.com/zufang/SU2192782393847857152.html> (referer: https://su.lianjia.com/zufang/pg2)
2019-02-20 12:51:24 [scrapy.core.engine] DEBUG: Crawled (200) <GET https://su.lianjia.com/zufang/SU2193927721955106816.html> (referer: https://su.lianjia.com/zufang/pg2)
2019-02-20 12:51:24 [scrapy.core.engine] DEBUG: Crawled (200) <GET https://su.lianjia.com/zufang/SU2194851574369484800.html> (referer: https://su.lianjia.com/zufang/pg2)
2019-02-20 12:51:24 [scrapy.core.engine] DEBUG: Crawled (200) <GET https://su.lianjia.com/apartment/7176.html> (referer: https://su.lianjia.com/zufang/pg2)
2019-02-20 12:51:24 [scrapy.core.engine] DEBUG: Crawled (200) <GET https://su.lianjia.com/zufang/SU2194584378766524416.html> (referer: https://su.lianjia.com/zufang/pg2)
2019-02-20 12:51:24 [scrapy.core.engine] DEBUG: Crawled (200) <GET https://su.lianjia.com/zufang/SU2192782428811304960.html> (referer: https://su.lianjia.com/zufang/pg2)
2019-02-20 12:51:24 [scrapy.core.engine] DEBUG: Crawled (200) <GET https://su.lianjia.com/zufang/SU2195394192258105344.html> (referer: https://su.lianjia.com/zufang/pg2)
2019-02-20 12:51:24 [scrapy.core.engine] DEBUG: Crawled (200) <GET https://su.lianjia.com/apartment/6050.html> (referer: https://su.lianjia.com/zufang/pg2)
2019-02-20 12:51:24 [scrapy.core.engine] DEBUG: Crawled (200) <GET https://su.lianjia.com/zufang/SU2195374245289402368.html> (referer: https://su.lianjia.com/zufang/pg2)
2019-02-20 12:51:24 [scrapy.core.engine] DEBUG: Crawled (200) <GET https://su.lianjia.com/apartment/11288.html> (referer: https://su.lianjia.com/zufang/pg1)
2019-02-20 12:51:24 [scrapy.core.engine] DEBUG: Crawled (200) <GET https://su.lianjia.com/zufang/SU2194177866285973504.html> (referer: https://su.lianjia.com/zufang/pg2)
2019-02-20 12:51:24 [scrapy.core.engine] DEBUG: Crawled (200) <GET https://su.lianjia.com/apartment/5448.html> (referer: https://su.lianjia.com/zufang/pg2)
2019-02-20 12:51:24 [scrapy.core.engine] DEBUG: Crawled (200) <GET https://su.lianjia.com/zufang/SU2181103394272313344.html> (referer: https://su.lianjia.com/zufang/pg2)
2019-02-20 12:51:24 [scrapy.core.engine] DEBUG: Crawled (200) <GET https://su.lianjia.com/apartment/6751.html> (referer: https://su.lianjia.com/zufang/pg2)
2019-02-20 12:51:24 [scrapy.core.engine] DEBUG: Crawled (200) <GET https://su.lianjia.com/zufang/SU2193549306521190400.html> (referer: https://su.lianjia.com/zufang/pg2)
2019-02-20 12:51:24 [scrapy.core.engine] DEBUG: Crawled (200) <GET https://su.lianjia.com/apartment/6859.html> (referer: https://su.lianjia.com/zufang/pg2)
2019-02-20 12:51:24 [scrapy.core.engine] DEBUG: Crawled (200) <GET https://su.lianjia.com/zufang/SU2196067452649996288.html> (referer: https://su.lianjia.com/zufang/pg2)
2019-02-20 12:51:25 [scrapy.core.engine] DEBUG: Crawled (200) <GET https://su.lianjia.com/zufang/SU2194781097857400832.html> (referer: https://su.lianjia.com/zufang/pg2)
2019-02-20 12:51:25 [scrapy.core.engine] DEBUG: Crawled (200) <GET https://su.lianjia.com/zufang/SU2193362322292998144.html> (referer: https://su.lianjia.com/zufang/pg2)
2019-02-20 12:51:25 [scrapy.core.engine] DEBUG: Crawled (200) <GET https://su.lianjia.com/apartment/13397.html> (referer: https://su.lianjia.com/zufang/pg2)
2019-02-20 12:51:25 [scrapy.core.engine] DEBUG: Crawled (200) <GET https://su.lianjia.com/zufang/SU2194418690874163200.html> (referer: https://su.lianjia.com/zufang/pg2)
2019-02-20 12:51:25 [scrapy.core.engine] DEBUG: Crawled (200) <GET https://su.lianjia.com/zufang/SU2195374245029085184.html> (referer: https://su.lianjia.com/zufang/pg2)
2019-02-20 12:51:25 [scrapy.core.engine] DEBUG: Crawled (200) <GET https://su.lianjia.com/apartment/12735.html> (referer: https://su.lianjia.com/zufang/pg2)
2019-02-20 12:51:25 [scrapy.core.engine] DEBUG: Crawled (200) <GET https://su.lianjia.com/zufang/SU2194769097424633856.html> (referer: https://su.lianjia.com/zufang/pg2)
2019-02-20 12:51:25 [scrapy.core.engine] DEBUG: Crawled (200) <GET https://su.lianjia.com/apartment/5448.html> (referer: https://su.lianjia.com/zufang/pg2)
2019-02-20 12:51:25 [scrapy.core.engine] DEBUG: Crawled (200) <GET https://su.lianjia.com/zufang/SU2193917709454934016.html> (referer: https://su.lianjia.com/zufang/pg1)
2019-02-20 12:51:25 [scrapy.core.engine] DEBUG: Crawled (200) <GET https://su.lianjia.com/zufang/SU2195554956315475968.html> (referer: https://su.lianjia.com/zufang/pg1)
2019-02-20 12:51:25 [scrapy.core.engine] DEBUG: Crawled (200) <GET https://su.lianjia.com/zufang/SU2193985049165037568.html> (referer: https://su.lianjia.com/zufang/pg2)
2019-02-20 12:51:25 [scrapy.core.engine] DEBUG: Crawled (200) <GET https://su.lianjia.com/apartment/5448.html> (referer: https://su.lianjia.com/zufang/pg1)
2019-02-20 12:51:25 [scrapy.core.engine] DEBUG: Crawled (200) <GET https://su.lianjia.com/apartment/14657.html> (referer: https://su.lianjia.com/zufang/pg1)
2019-02-20 12:51:25 [scrapy.core.engine] DEBUG: Crawled (200) <GET https://su.lianjia.com/zufang/SU2190300769410875392.html> (referer: https://su.lianjia.com/zufang/pg1)
2019-02-20 12:51:25 [scrapy.core.engine] DEBUG: Crawled (200) <GET https://su.lianjia.com/zufang/SU2193192335213871104.html> (referer: https://su.lianjia.com/zufang/pg1)
2019-02-20 12:51:25 [scrapy.core.engine] DEBUG: Crawled (200) <GET https://su.lianjia.com/zufang/SU2194926537025781760.html> (referer: https://su.lianjia.com/zufang/pg1)
2019-02-20 12:51:25 [scrapy.core.engine] DEBUG: Crawled (200) <GET https://su.lianjia.com/apartment/7176.html> (referer: https://su.lianjia.com/zufang/pg1)
2019-02-20 12:51:25 [scrapy.core.engine] DEBUG: Crawled (200) <GET https://su.lianjia.com/zufang/SU2194776862474387456.html> (referer: https://su.lianjia.com/zufang/pg1)
2019-02-20 12:51:26 [scrapy.core.engine] DEBUG: Crawled (200) <GET https://su.lianjia.com/apartment/14657.html> (referer: https://su.lianjia.com/zufang/pg1)
2019-02-20 12:51:26 [scrapy.core.engine] DEBUG: Crawled (200) <GET https://su.lianjia.com/zufang/SU2193939714736922624.html> (referer: https://su.lianjia.com/zufang/pg1)
2019-02-20 12:51:26 [scrapy.core.engine] DEBUG: Crawled (200) <GET https://su.lianjia.com/zufang/SU2194056917180227584.html> (referer: https://su.lianjia.com/zufang/pg1)
2019-02-20 12:51:26 [scrapy.core.engine] DEBUG: Crawled (200) <GET https://su.lianjia.com/apartment/15303.html> (referer: https://su.lianjia.com/zufang/pg1)
2019-02-20 12:51:26 [scrapy.core.engine] DEBUG: Crawled (200) <GET https://su.lianjia.com/zufang/SU2193213211354857472.html> (referer: https://su.lianjia.com/zufang/pg1)
2019-02-20 12:51:26 [scrapy.core.engine] DEBUG: Crawled (200) <GET https://su.lianjia.com/zufang/SU2189729133901119488.html> (referer: https://su.lianjia.com/zufang/pg1)
2019-02-20 12:51:26 [scrapy.core.engine] DEBUG: Crawled (200) <GET https://su.lianjia.com/apartment/6773.html> (referer: https://su.lianjia.com/zufang/pg1)
2019-02-20 12:51:26 [scrapy.core.engine] DEBUG: Crawled (200) <GET https://su.lianjia.com/zufang/SU2194090530970017792.html> (referer: https://su.lianjia.com/zufang/pg1)
2019-02-20 12:51:26 [scrapy.core.engine] DEBUG: Crawled (200) <GET https://su.lianjia.com/zufang/SU2196061130139639808.html> (referer: https://su.lianjia.com/zufang/pg1)
2019-02-20 12:51:26 [scrapy.core.engine] DEBUG: Crawled (200) <GET https://su.lianjia.com/apartment/7176.html> (referer: https://su.lianjia.com/zufang/pg1)
2019-02-20 12:51:26 [scrapy.core.engine] DEBUG: Crawled (200) <GET https://su.lianjia.com/zufang/SU2194845528431263744.html> (referer: https://su.lianjia.com/zufang/pg1)
2019-02-20 12:51:26 [scrapy.core.engine] DEBUG: Crawled (200) <GET https://su.lianjia.com/apartment/4724.html> (referer: https://su.lianjia.com/zufang/pg1)
2019-02-20 12:51:26 [scrapy.core.engine] DEBUG: Crawled (200) <GET https://su.lianjia.com/zufang/SU2194840911274852352.html> (referer: https://su.lianjia.com/zufang/pg1)
2019-02-20 12:51:26 [scrapy.core.engine] DEBUG: Crawled (200) <GET https://su.lianjia.com/apartment/15303.html> (referer: https://su.lianjia.com/zufang/pg1)
2019-02-20 12:51:26 [scrapy.core.engine] DEBUG: Crawled (200) <GET https://su.lianjia.com/zufang/SU2194589180515065856.html> (referer: https://su.lianjia.com/zufang/pg1)
2019-02-20 12:51:26 [scrapy.core.engine] DEBUG: Crawled (200) <GET https://su.lianjia.com/zufang/SU2194663912199700480.html> (referer: https://su.lianjia.com/zufang/pg1)
2019-02-20 12:51:26 [scrapy.core.engine] INFO: Closing spider (finished)
2019-02-20 12:51:26 [scrapy.statscollectors] INFO: Dumping Scrapy stats:
{'downloader/request_bytes': 31782,
 'downloader/request_count': 62,
 'downloader/request_method_count/GET': 62,
 'downloader/response_bytes': 1286937,
 'downloader/response_count': 62,
 'downloader/response_status_count/200': 62,
 'finish_reason': 'finished',
 'finish_time': datetime.datetime(2019, 2, 20, 4, 51, 26, 830623),
 'log_count/DEBUG': 63,
 'log_count/INFO': 7,
 'request_depth_max': 1,
 'response_received_count': 62,
 'scheduler/dequeued': 62,
 'scheduler/dequeued/memory': 62,
 'scheduler/enqueued': 62,
 'scheduler/enqueued/memory': 62,
 'start_time': datetime.datetime(2019, 2, 20, 4, 51, 23, 67663)}
2019-02-20 12:51:26 [scrapy.core.engine] INFO: Spider closed (finished)
2019-02-20 13:00:13 [scrapy.utils.log] INFO: Scrapy 1.5.1 started (bot: Xcdl)
2019-02-20 13:00:13 [scrapy.utils.log] INFO: Versions: lxml 4.3.0.0, libxml2 2.9.8, cssselect 1.0.3, parsel 1.5.1, w3lib 1.20.0, Twisted 18.9.0, Python 3.6.8 |Anaconda, Inc.| (default, Feb 11 2019, 15:03:47) [MSC v.1915 64 bit (AMD64)], pyOpenSSL 19.0.0 (OpenSSL 1.1.1a  20 Nov 2018), cryptography 2.5, Platform Windows-10-10.0.17134-SP0
2019-02-20 13:00:13 [scrapy.crawler] INFO: Overridden settings: {'BOT_NAME': 'Xcdl', 'LOG_FILE': 'C:\\Users\\zhangr1\\PycharmProjects\\Xcdl\\Xcdl\\log\\xici.log', 'NEWSPIDER_MODULE': 'Xcdl.spiders', 'SPIDER_MODULES': ['Xcdl.spiders']}
2019-02-20 13:00:13 [scrapy.middleware] INFO: Enabled extensions:
['scrapy.extensions.corestats.CoreStats',
 'scrapy.extensions.telnet.TelnetConsole',
 'scrapy.extensions.logstats.LogStats']
2019-02-20 13:00:14 [scrapy.middleware] INFO: Enabled downloader middlewares:
['scrapy.downloadermiddlewares.httpauth.HttpAuthMiddleware',
 'scrapy.downloadermiddlewares.downloadtimeout.DownloadTimeoutMiddleware',
 'scrapy.downloadermiddlewares.defaultheaders.DefaultHeadersMiddleware',
 'scrapy.downloadermiddlewares.useragent.UserAgentMiddleware',
 'scrapy.downloadermiddlewares.retry.RetryMiddleware',
 'scrapy.downloadermiddlewares.redirect.MetaRefreshMiddleware',
 'scrapy.downloadermiddlewares.httpcompression.HttpCompressionMiddleware',
 'scrapy.downloadermiddlewares.redirect.RedirectMiddleware',
 'scrapy.downloadermiddlewares.cookies.CookiesMiddleware',
 'scrapy.downloadermiddlewares.httpproxy.HttpProxyMiddleware',
 'scrapy.downloadermiddlewares.stats.DownloaderStats']
2019-02-20 13:00:14 [scrapy.middleware] INFO: Enabled spider middlewares:
['scrapy.spidermiddlewares.httperror.HttpErrorMiddleware',
 'scrapy.spidermiddlewares.offsite.OffsiteMiddleware',
 'scrapy.spidermiddlewares.referer.RefererMiddleware',
 'scrapy.spidermiddlewares.urllength.UrlLengthMiddleware',
 'scrapy.spidermiddlewares.depth.DepthMiddleware']
2019-02-20 13:00:14 [scrapy.middleware] INFO: Enabled item pipelines:
['Xcdl.pipelines.MinhuaPipelines', 'Xcdl.pipelines.XcdlspPipeline']
2019-02-20 13:00:14 [scrapy.core.engine] INFO: Spider opened
2019-02-20 13:00:14 [scrapy.extensions.logstats] INFO: Crawled 0 pages (at 0 pages/min), scraped 0 items (at 0 items/min)
2019-02-20 13:00:14 [scrapy.extensions.telnet] DEBUG: Telnet console listening on 127.0.0.1:6024
2019-02-20 13:00:14 [scrapy.core.engine] DEBUG: Crawled (200) <GET https://su.lianjia.com/zufang/pg1> (referer: None)
2019-02-20 13:00:14 [scrapy.core.engine] DEBUG: Crawled (200) <GET https://su.lianjia.com/zufang/pg2> (referer: None)
2019-02-20 13:00:15 [scrapy.core.engine] DEBUG: Crawled (200) <GET https://su.lianjia.com/apartment/14657.html> (referer: https://su.lianjia.com/zufang/pg1)
2019-02-20 13:00:15 [scrapy.core.engine] DEBUG: Crawled (200) <GET https://su.lianjia.com/zufang/SU2193939714736922624.html> (referer: https://su.lianjia.com/zufang/pg1)
2019-02-20 13:00:15 [scrapy.core.engine] DEBUG: Crawled (200) <GET https://su.lianjia.com/zufang/SU2194776862474387456.html> (referer: https://su.lianjia.com/zufang/pg1)
2019-02-20 13:00:15 [scrapy.core.engine] DEBUG: Crawled (200) <GET https://su.lianjia.com/apartment/14657.html> (referer: https://su.lianjia.com/zufang/pg1)
2019-02-20 13:00:15 [scrapy.core.engine] DEBUG: Crawled (200) <GET https://su.lianjia.com/apartment/7176.html> (referer: https://su.lianjia.com/zufang/pg1)
2019-02-20 13:00:15 [scrapy.core.engine] DEBUG: Crawled (200) <GET https://su.lianjia.com/zufang/SU2194926537025781760.html> (referer: https://su.lianjia.com/zufang/pg1)
2019-02-20 13:00:15 [scrapy.core.engine] DEBUG: Crawled (200) <GET https://su.lianjia.com/zufang/SU2193192335213871104.html> (referer: https://su.lianjia.com/zufang/pg1)
2019-02-20 13:00:15 [scrapy.core.engine] DEBUG: Crawled (200) <GET https://su.lianjia.com/zufang/SU2189729133901119488.html> (referer: https://su.lianjia.com/zufang/pg1)
2019-02-20 13:00:15 [scrapy.core.engine] DEBUG: Crawled (200) <GET https://su.lianjia.com/zufang/SU2194056917180227584.html> (referer: https://su.lianjia.com/zufang/pg1)
2019-02-20 13:00:15 [scrapy.core.engine] DEBUG: Crawled (200) <GET https://su.lianjia.com/zufang/SU2194090530970017792.html> (referer: https://su.lianjia.com/zufang/pg1)
2019-02-20 13:00:15 [scrapy.core.engine] DEBUG: Crawled (200) <GET https://su.lianjia.com/apartment/7176.html> (referer: https://su.lianjia.com/zufang/pg1)
2019-02-20 13:00:15 [scrapy.core.engine] DEBUG: Crawled (200) <GET https://su.lianjia.com/apartment/15303.html> (referer: https://su.lianjia.com/zufang/pg1)
2019-02-20 13:00:15 [scrapy.core.engine] DEBUG: Crawled (200) <GET https://su.lianjia.com/apartment/6773.html> (referer: https://su.lianjia.com/zufang/pg1)
2019-02-20 13:00:15 [scrapy.core.engine] DEBUG: Crawled (200) <GET https://su.lianjia.com/zufang/SU2196061130139639808.html> (referer: https://su.lianjia.com/zufang/pg1)
2019-02-20 13:00:15 [scrapy.core.engine] DEBUG: Crawled (200) <GET https://su.lianjia.com/zufang/SU2193213211354857472.html> (referer: https://su.lianjia.com/zufang/pg1)
2019-02-20 13:00:15 [scrapy.core.engine] DEBUG: Crawled (200) <GET https://su.lianjia.com/zufang/SU2194589180515065856.html> (referer: https://su.lianjia.com/zufang/pg1)
2019-02-20 13:00:15 [scrapy.core.engine] DEBUG: Crawled (200) <GET https://su.lianjia.com/zufang/SU2193917709454934016.html> (referer: https://su.lianjia.com/zufang/pg1)
2019-02-20 13:00:15 [scrapy.core.engine] DEBUG: Crawled (200) <GET https://su.lianjia.com/zufang/SU2195554956315475968.html> (referer: https://su.lianjia.com/zufang/pg1)
2019-02-20 13:00:15 [scrapy.core.engine] DEBUG: Crawled (200) <GET https://su.lianjia.com/apartment/11288.html> (referer: https://su.lianjia.com/zufang/pg1)
2019-02-20 13:00:16 [scrapy.core.engine] DEBUG: Crawled (200) <GET https://su.lianjia.com/apartment/5448.html> (referer: https://su.lianjia.com/zufang/pg2)
2019-02-20 13:00:16 [scrapy.core.engine] DEBUG: Crawled (200) <GET https://su.lianjia.com/zufang/SU2195394192258105344.html> (referer: https://su.lianjia.com/zufang/pg2)
2019-02-20 13:00:16 [scrapy.core.engine] DEBUG: Crawled (200) <GET https://su.lianjia.com/apartment/5448.html> (referer: https://su.lianjia.com/zufang/pg1)
2019-02-20 13:00:16 [scrapy.core.engine] DEBUG: Crawled (200) <GET https://su.lianjia.com/zufang/SU2195374245289402368.html> (referer: https://su.lianjia.com/zufang/pg2)
2019-02-20 13:00:16 [scrapy.core.engine] DEBUG: Crawled (200) <GET https://su.lianjia.com/zufang/SU2190300769410875392.html> (referer: https://su.lianjia.com/zufang/pg1)
2019-02-20 13:00:16 [scrapy.core.engine] DEBUG: Crawled (200) <GET https://su.lianjia.com/apartment/6050.html> (referer: https://su.lianjia.com/zufang/pg2)
2019-02-20 13:00:16 [scrapy.core.engine] DEBUG: Crawled (200) <GET https://su.lianjia.com/zufang/SU2181103394272313344.html> (referer: https://su.lianjia.com/zufang/pg2)
2019-02-20 13:00:16 [scrapy.core.engine] DEBUG: Crawled (200) <GET https://su.lianjia.com/zufang/SU2194177866285973504.html> (referer: https://su.lianjia.com/zufang/pg2)
2019-02-20 13:00:16 [scrapy.core.engine] DEBUG: Crawled (200) <GET https://su.lianjia.com/apartment/6751.html> (referer: https://su.lianjia.com/zufang/pg2)
2019-02-20 13:00:16 [scrapy.core.engine] DEBUG: Crawled (200) <GET https://su.lianjia.com/zufang/SU2193549306521190400.html> (referer: https://su.lianjia.com/zufang/pg2)
2019-02-20 13:00:16 [scrapy.core.engine] DEBUG: Crawled (200) <GET https://su.lianjia.com/apartment/4724.html> (referer: https://su.lianjia.com/zufang/pg1)
2019-02-20 13:00:16 [scrapy.core.engine] DEBUG: Crawled (200) <GET https://su.lianjia.com/zufang/SU2194840911274852352.html> (referer: https://su.lianjia.com/zufang/pg1)
2019-02-20 13:00:16 [scrapy.core.engine] DEBUG: Crawled (200) <GET https://su.lianjia.com/zufang/SU2194663912199700480.html> (referer: https://su.lianjia.com/zufang/pg1)
2019-02-20 13:00:16 [scrapy.core.engine] DEBUG: Crawled (200) <GET https://su.lianjia.com/zufang/SU2194845528431263744.html> (referer: https://su.lianjia.com/zufang/pg1)
2019-02-20 13:00:16 [scrapy.core.engine] DEBUG: Crawled (200) <GET https://su.lianjia.com/apartment/15303.html> (referer: https://su.lianjia.com/zufang/pg1)
2019-02-20 13:00:16 [scrapy.core.engine] DEBUG: Crawled (200) <GET https://su.lianjia.com/apartment/13237.html> (referer: https://su.lianjia.com/zufang/pg1)
2019-02-20 13:00:17 [scrapy.core.engine] DEBUG: Crawled (200) <GET https://su.lianjia.com/zufang/SU2196067452649996288.html> (referer: https://su.lianjia.com/zufang/pg2)
2019-02-20 13:00:17 [scrapy.core.engine] DEBUG: Crawled (200) <GET https://su.lianjia.com/zufang/SU2194842876197224448.html> (referer: https://su.lianjia.com/zufang/pg1)
2019-02-20 13:00:17 [scrapy.core.engine] DEBUG: Crawled (200) <GET https://su.lianjia.com/apartment/6997.html> (referer: https://su.lianjia.com/zufang/pg1)
2019-02-20 13:00:17 [scrapy.core.engine] DEBUG: Crawled (200) <GET https://su.lianjia.com/apartment/6859.html> (referer: https://su.lianjia.com/zufang/pg2)
2019-02-20 13:00:17 [scrapy.core.engine] DEBUG: Crawled (200) <GET https://su.lianjia.com/zufang/SU2193362322292998144.html> (referer: https://su.lianjia.com/zufang/pg2)
2019-02-20 13:00:17 [scrapy.core.engine] DEBUG: Crawled (200) <GET https://su.lianjia.com/apartment/13397.html> (referer: https://su.lianjia.com/zufang/pg2)
2019-02-20 13:00:17 [scrapy.core.engine] DEBUG: Crawled (200) <GET https://su.lianjia.com/zufang/SU2194781097857400832.html> (referer: https://su.lianjia.com/zufang/pg2)
2019-02-20 13:00:17 [scrapy.core.engine] DEBUG: Crawled (200) <GET https://su.lianjia.com/zufang/SU2196043913302130688.html> (referer: https://su.lianjia.com/zufang/pg1)
2019-02-20 13:00:17 [scrapy.core.engine] DEBUG: Crawled (200) <GET https://su.lianjia.com/zufang/SU2195374245029085184.html> (referer: https://su.lianjia.com/zufang/pg2)
2019-02-20 13:00:17 [scrapy.core.engine] DEBUG: Crawled (200) <GET https://su.lianjia.com/zufang/SU2194769097424633856.html> (referer: https://su.lianjia.com/zufang/pg2)
2019-02-20 13:00:17 [scrapy.core.engine] DEBUG: Crawled (200) <GET https://su.lianjia.com/zufang/SU2194418690874163200.html> (referer: https://su.lianjia.com/zufang/pg2)
2019-02-20 13:00:17 [scrapy.core.engine] DEBUG: Crawled (200) <GET https://su.lianjia.com/apartment/12735.html> (referer: https://su.lianjia.com/zufang/pg2)
2019-02-20 13:00:17 [scrapy.core.engine] DEBUG: Crawled (200) <GET https://su.lianjia.com/apartment/12683.html> (referer: https://su.lianjia.com/zufang/pg2)
2019-02-20 13:00:17 [scrapy.core.engine] DEBUG: Crawled (200) <GET https://su.lianjia.com/apartment/5448.html> (referer: https://su.lianjia.com/zufang/pg2)
2019-02-20 13:00:17 [scrapy.core.engine] DEBUG: Crawled (200) <GET https://su.lianjia.com/zufang/SU2193985049165037568.html> (referer: https://su.lianjia.com/zufang/pg2)
2019-02-20 13:00:17 [scrapy.core.engine] DEBUG: Crawled (200) <GET https://su.lianjia.com/zufang/SU2193528593756733440.html> (referer: https://su.lianjia.com/zufang/pg2)
2019-02-20 13:00:17 [scrapy.core.engine] DEBUG: Crawled (200) <GET https://su.lianjia.com/zufang/SU2193927721955106816.html> (referer: https://su.lianjia.com/zufang/pg2)
2019-02-20 13:00:17 [scrapy.core.engine] DEBUG: Crawled (200) <GET https://su.lianjia.com/zufang/SU2194662760980422656.html> (referer: https://su.lianjia.com/zufang/pg2)
2019-02-20 13:00:18 [scrapy.core.engine] DEBUG: Crawled (200) <GET https://su.lianjia.com/apartment/10730.html> (referer: https://su.lianjia.com/zufang/pg2)
2019-02-20 13:00:18 [scrapy.core.engine] DEBUG: Crawled (200) <GET https://su.lianjia.com/apartment/7176.html> (referer: https://su.lianjia.com/zufang/pg2)
2019-02-20 13:00:18 [scrapy.core.engine] DEBUG: Crawled (200) <GET https://su.lianjia.com/zufang/SU2192782393847857152.html> (referer: https://su.lianjia.com/zufang/pg2)
2019-02-20 13:00:18 [scrapy.core.engine] DEBUG: Crawled (200) <GET https://su.lianjia.com/apartment/5448.html> (referer: https://su.lianjia.com/zufang/pg2)
2019-02-20 13:00:18 [scrapy.core.engine] DEBUG: Crawled (200) <GET https://su.lianjia.com/zufang/SU2194851574369484800.html> (referer: https://su.lianjia.com/zufang/pg2)
2019-02-20 13:00:18 [scrapy.core.engine] DEBUG: Crawled (200) <GET https://su.lianjia.com/zufang/SU2192782428811304960.html> (referer: https://su.lianjia.com/zufang/pg2)
2019-02-20 13:00:18 [scrapy.core.engine] DEBUG: Crawled (200) <GET https://su.lianjia.com/zufang/SU2194584378766524416.html> (referer: https://su.lianjia.com/zufang/pg2)
2019-02-20 13:00:18 [scrapy.core.engine] INFO: Closing spider (finished)
2019-02-20 13:00:18 [scrapy.statscollectors] INFO: Dumping Scrapy stats:
{'downloader/request_bytes': 31534,
 'downloader/request_count': 62,
 'downloader/request_method_count/GET': 62,
 'downloader/response_bytes': 1286420,
 'downloader/response_count': 62,
 'downloader/response_status_count/200': 62,
 'finish_reason': 'finished',
 'finish_time': datetime.datetime(2019, 2, 20, 5, 0, 18, 565728),
 'log_count/DEBUG': 63,
 'log_count/INFO': 7,
 'request_depth_max': 1,
 'response_received_count': 62,
 'scheduler/dequeued': 62,
 'scheduler/dequeued/memory': 62,
 'scheduler/enqueued': 62,
 'scheduler/enqueued/memory': 62,
 'start_time': datetime.datetime(2019, 2, 20, 5, 0, 14, 131510)}
2019-02-20 13:00:18 [scrapy.core.engine] INFO: Spider closed (finished)
